<?xml version="1.0" encoding="UTF-8"?>
<testng-results ignored="3" total="6" passed="3" failed="0" skipped="0">
  <reporter-output>
  </reporter-output>
  <suite started-at="2025-01-04T18:17:42 IST" name="Suite" finished-at="2025-01-04T18:17:42 IST" duration-ms="61">
    <groups>
      <group name="smoke">
        <method signature="Group_Class.test1()[pri:0, instance:group.Group_Class@323b36e0]" name="test1" class="group.Group_Class"/>
      </group> <!-- smoke -->
      <group name="System">
        <method signature="Group_Class.test2()[pri:0, instance:group.Group_Class@323b36e0]" name="test2" class="group.Group_Class"/>
        <method signature="Group_Class2.test5()[pri:0, instance:group.Group_Class2@4466af20]" name="test5" class="group.Group_Class2"/>
      </group> <!-- System -->
    </groups>
    <test started-at="2025-01-04T18:17:42 IST" name="Test" finished-at="2025-01-04T18:17:42 IST" duration-ms="61">
      <class name="group.Group_Class">
        <test-method signature="test1()[pri:0, instance:group.Group_Class@323b36e0]" started-at="2025-01-04T18:17:42 IST" name="test1" finished-at="2025-01-04T18:17:42 IST" duration-ms="9" status="PASS">
          <reporter-output>
          </reporter-output>
        </test-method> <!-- test1 -->
        <test-method signature="test2()[pri:0, instance:group.Group_Class@323b36e0]" started-at="2025-01-04T18:17:42 IST" name="test2" finished-at="2025-01-04T18:17:42 IST" duration-ms="2" status="PASS">
          <reporter-output>
          </reporter-output>
        </test-method> <!-- test2 -->
      </class> <!-- group.Group_Class -->
      <class name="group.Group_Class2">
        <test-method signature="test5()[pri:0, instance:group.Group_Class2@4466af20]" started-at="2025-01-04T18:17:42 IST" name="test5" finished-at="2025-01-04T18:17:42 IST" duration-ms="2" status="PASS">
          <reporter-output>
          </reporter-output>
        </test-method> <!-- test5 -->
      </class> <!-- group.Group_Class2 -->
    </test> <!-- Test -->
  </suite> <!-- Suite -->
</testng-results>
