<?xml version="1.0" encoding="UTF-8"?>
<testng-results ignored="0" total="2" passed="2" failed="0" skipped="0">
  <reporter-output>
  </reporter-output>
  <suite started-at="2024-12-08T12:06:01 IST" name="Parallel_Execcution" finished-at="2024-12-08T12:06:15 IST" duration-ms="13489">
    <groups>
    </groups>
    <test started-at="2024-12-08T12:06:01 IST" name="parallel_firefox" finished-at="2024-12-08T12:06:09 IST" duration-ms="7922">
      <class name="sample.Demo">
        <test-method signature="test(java.lang.String)[pri:0, instance:sample.Demo@51399530]" started-at="2024-12-08T12:06:01 IST" name="test" finished-at="2024-12-08T12:06:09 IST" duration-ms="7884" status="PASS">
          <params>
            <param index="0">
              <value>
                <![CDATA[firefox]]>
              </value>
            </param>
          </params>
          <reporter-output>
          </reporter-output>
        </test-method> <!-- test -->
      </class> <!-- sample.Demo -->
    </test> <!-- parallel_firefox -->
    <test started-at="2024-12-08T12:06:01 IST" name="parallel_chrome" finished-at="2024-12-08T12:06:15 IST" duration-ms="13489">
      <class name="sample.Demo">
        <test-method signature="test(java.lang.String)[pri:0, instance:sample.Demo@c8c12ac]" started-at="2024-12-08T12:06:01 IST" name="test" finished-at="2024-12-08T12:06:15 IST" duration-ms="13457" status="PASS">
          <params>
            <param index="0">
              <value>
                <![CDATA[chrome]]>
              </value>
            </param>
          </params>
          <reporter-output>
          </reporter-output>
        </test-method> <!-- test -->
      </class> <!-- sample.Demo -->
    </test> <!-- parallel_chrome -->
  </suite> <!-- Parallel_Execcution -->
</testng-results>
