<?xml version="1.0" encoding="UTF-8"?>
<!-- Generated by org.testng.reporters.JUnitXMLReporter -->
<testsuite ignored="1" hostname="Niranjan" failures="1" tests="1" name="Test(failed)" time="2.392" errors="0" timestamp="2024-12-22T10:29:09 IST">
  <testcase classname="util.RunnerClass" name="test" time="2.349">
    <failure type="java.lang.AssertionError" message="expected [google] but found [Facebook – log in or sign up]">
      <![CDATA[java.lang.AssertionError: expected [google] but found [Facebook – log in or sign up]
at util.RunnerClass.test(RunnerClass.java:23)
at java.base/java.util.ArrayList.forEach(ArrayList.java:1511)
... Removed 33 stack frames]]>
    </failure>
  </testcase> <!-- test -->
  <testcase classname="util.RunnerClass" name="test1" time="0.0">
    <ignored/>
  </testcase> <!-- test1 -->
</testsuite> <!-- Test(failed) -->
