<?xml version="1.0" encoding="UTF-8"?>
<!-- Generated by org.testng.reporters.JUnitXMLReporter -->
<testsuite ignored="0" hostname="Niranjan" failures="0" tests="6" name="Test" time="0.076" errors="0" timestamp="2024-12-07T12:41:39 IST">
  <testcase classname="group.Group_Class" name="test1" time="0.006"/>
  <testcase classname="group.Group_Class" name="test2" time="0.002"/>
  <testcase classname="group.Group_Class" name="test3" time="0.001"/>
  <testcase classname="group.Group_Class2" name="test4" time="0.001"/>
  <testcase classname="group.Group_Class2" name="test5" time="0.001"/>
  <testcase classname="group.Group_Class2" name="test6" time="0.001"/>
</testsuite> <!-- Test -->
