<?xml version="1.0" encoding="UTF-8"?>
<!-- Generated by org.testng.reporters.JUnitXMLReporter -->
<testsuite ignored="3" hostname="Niranjan" failures="0" tests="3" name="Test" time="0.061" errors="0" timestamp="2025-01-04T18:17:42 IST">
  <testcase classname="group.Group_Class" name="test1" time="0.009"/>
  <testcase classname="group.Group_Class" name="test2" time="0.002"/>
  <testcase classname="group.Group_Class2" name="test5" time="0.002"/>
  <testcase classname="group.Group_Class2" name="test6" time="0.0">
    <ignored/>
  </testcase> <!-- test6 -->
  <testcase classname="group.Group_Class2" name="test4" time="0.0">
    <ignored/>
  </testcase> <!-- test4 -->
  <testcase classname="group.Group_Class" name="test3" time="0.0">
    <ignored/>
  </testcase> <!-- test3 -->
</testsuite> <!-- Test -->
