<?xml version="1.0" encoding="UTF-8"?>
<testng-results ignored="1" total="2" passed="1" failed="0" skipped="0">
  <reporter-output>
  </reporter-output>
  <suite started-at="2024-11-09T13:56:33 IST" name="Default suite" finished-at="2024-11-09T13:56:35 IST" duration-ms="2752">
    <groups>
    </groups>
    <test started-at="2024-11-09T13:56:33 IST" name="Default test" finished-at="2024-11-09T13:56:35 IST" duration-ms="2752">
      <class name="com.shopper.wishList.ShopperWishList">
        <test-method signature="test()[pri:1, instance:com.shopper.wishList.ShopperWishList@6c80d78a]" started-at="2024-11-09T13:56:33 IST" name="test" finished-at="2024-11-09T13:56:35 IST" duration-ms="2710" status="PASS">
          <reporter-output>
          </reporter-output>
        </test-method> <!-- test -->
      </class> <!-- com.shopper.wishList.ShopperWishList -->
    </test> <!-- Default test -->
  </suite> <!-- Default suite -->
</testng-results>
