<?xml version="1.0" encoding="UTF-8"?>
<!-- Generated by org.testng.reporters.JUnitXMLReporter -->
<testsuite ignored="0" hostname="Niranjan" failures="0" tests="3" name="Default test" time="45.019" errors="0" timestamp="2025-01-04T18:12:56 IST">
  <testcase classname="data_provider.DataProvide_for_fb" name="test_fb" time="22.569"/>
  <testcase classname="data_provider.DataProvide_for_fb" name="test_fb" time="11.675"/>
  <testcase classname="data_provider.DataProvide_for_fb" name="test_fb" time="10.726"/>
</testsuite> <!-- Default test -->
