<?xml version="1.0" encoding="UTF-8"?>
<!-- Generated by org.testng.reporters.JUnitXMLReporter -->
<testsuite ignored="12" hostname="Niranjan" failures="0" tests="17" name="Default test" time="32.336" errors="0" timestamp="2024-12-07T11:11:16 IST">
  <testcase classname="genric.CheckAnnotation1" name="test" time="0.005"/>
  <testcase classname="genric.CheckAnnotation1" name="test1" time="0.001"/>
  <testcase classname="group.Group_Class" name="test1" time="0.002"/>
  <testcase classname="group.Group_Class" name="test2" time="0.002"/>
  <testcase classname="group.Group_Class" name="test3" time="0.002"/>
  <testcase classname="genric.CheckAnnotation2" name="test" time="0.003"/>
  <testcase classname="genric.CheckAnnotation2" name="test1" time="0.004"/>
  <testcase classname="genric.CheckAnnotation3" name="test" time="0.003"/>
  <testcase classname="genric.CheckAnnotation3" name="test1" time="0.003"/>
  <testcase classname="sample.Properties_class" name="test" time="0.004"/>
  <testcase classname="data_provider.DataProvide_for_fb" name="test_fb" time="4.641"/>
  <testcase classname="data_provider.DataProvide_for_fb" name="test_fb" time="8.08"/>
  <testcase classname="data_provider.DataProvide_for_fb" name="test_fb" time="17.275"/>
  <testcase classname="group.Group_Class2" name="test4" time="0.001"/>
  <testcase classname="group.Group_Class2" name="test5" time="0.001"/>
  <testcase classname="group.Group_Class2" name="test6" time="0.001"/>
  <testcase classname="sample.Demo" name="test" time="0.017"/>
  <testcase classname="genric.Check_Anotation" name="@BeforeSuite bf" time="0.0">
    <ignored/>
  </testcase> <!-- @BeforeSuite bf -->
  <testcase classname="genric.Check_Anotation" name="@AfterSuite af" time="0.0">
    <ignored/>
  </testcase> <!-- @AfterSuite af -->
  <testcase classname="genric.Check_Anotation" name="@AfterSuite af" time="0.0">
    <ignored/>
  </testcase> <!-- @AfterSuite af -->
  <testcase classname="genric.Check_Anotation" name="@BeforeSuite bf" time="0.0">
    <ignored/>
  </testcase> <!-- @BeforeSuite bf -->
  <testcase classname="genric.Check_Anotation" name="@BeforeSuite bf" time="0.0">
    <ignored/>
  </testcase> <!-- @BeforeSuite bf -->
  <testcase classname="genric.Check_Anotation" name="@AfterSuite af" time="0.0">
    <ignored/>
  </testcase> <!-- @AfterSuite af -->
  <testcase classname="genric.Check_Anotation" name="@AfterTest at" time="0.0">
    <ignored/>
  </testcase> <!-- @AfterTest at -->
  <testcase classname="genric.Check_Anotation" name="@BeforeTest bt" time="0.0">
    <ignored/>
  </testcase> <!-- @BeforeTest bt -->
  <testcase classname="genric.Check_Anotation" name="@AfterTest at" time="0.0">
    <ignored/>
  </testcase> <!-- @AfterTest at -->
  <testcase classname="genric.Check_Anotation" name="@BeforeTest bt" time="0.0">
    <ignored/>
  </testcase> <!-- @BeforeTest bt -->
  <testcase classname="genric.Check_Anotation" name="@AfterTest at" time="0.0">
    <ignored/>
  </testcase> <!-- @AfterTest at -->
  <testcase classname="genric.Check_Anotation" name="@BeforeTest bt" time="0.0">
    <ignored/>
  </testcase> <!-- @BeforeTest bt -->
</testsuite> <!-- Default test -->
