<?xml version="1.0" encoding="UTF-8"?>
<!-- Generated by org.testng.reporters.JUnitXMLReporter -->
<testsuite ignored="1" hostname="DESKTOP-HCKD6N7" failures="0" tests="1" name="Default test" time="2.752" errors="0" timestamp="2024-11-09T13:56:35 IST">
  <testcase classname="com.shopper.wishList.ShopperWishList" name="test" time="2.71"/>
  <testcase classname="com.shopper.wishList.ShopperWishList" name="getShooper" time="0.0">
    <ignored/>
  </testcase> <!-- getShooper -->
</testsuite> <!-- Default test -->
